EasyJob/android/app/build/intermediates/manifest_merge_blame_file/debug/manifest-merger-blame-debug-report.txt
1<?xml version="1.0" encoding="utf-8"?>
2<manifest xmlns:android="http://schemas.android.com/apk/res/android"
3    package="com.easyjob"
4    android:versionCode="1"
5    android:versionName="1.0" >
6
7    <uses-sdk
8        android:minSdkVersion="23"
9        android:targetSdkVersion="34" />
10
11    <uses-permission android:name="android.permission.INTERNET" />
11-->src/main/AndroidManifest.xml:3:5-67
11-->src/main/AndroidManifest.xml:3:22-64
12    <uses-permission android:name="android.permission.WAKE_LOCK" />
12-->[:react-native-firebase_messaging] AndroidManifest.xml:8:5-68
12-->[:react-native-firebase_messaging] AndroidManifest.xml:8:22-65
13    <uses-permission android:name="android.permission.ACCESS_NETWORK_STATE" /> <!-- dooboolab -->
13-->[:react-native-firebase_messaging] AndroidManifest.xml:9:5-79
13-->[:react-native-firebase_messaging] AndroidManifest.xml:9:22-76
14    <uses-permission android:name="android.permission.RECORD_AUDIO" />
14-->[:react-native-audio-recorder-player] AndroidManifest.xml:7:5-71
14-->[:react-native-audio-recorder-player] AndroidManifest.xml:7:22-68
15    <uses-permission android:name="android.permission.WRITE_EXTERNAL_STORAGE" />
15-->[:react-native-audio-recorder-player] AndroidManifest.xml:8:5-81
15-->[:react-native-audio-recorder-player] AndroidManifest.xml:8:22-78
16    <uses-permission android:name="android.permission.READ_EXTERNAL_STORAGE" /> <!-- Required to check whether Wi-Fi is enabled -->
17    <uses-permission android:name="android.permission.ACCESS_WIFI_STATE" /> <!-- Required to to download files without a notification -->
17-->[:react-native-blob-util] AndroidManifest.xml:23:5-76
17-->[:react-native-blob-util] AndroidManifest.xml:23:22-73
18    <uses-permission android:name="android.permission.DOWNLOAD_WITHOUT_NOTIFICATION" />
18-->[:react-native-blob-util] AndroidManifest.xml:32:5-88
18-->[:react-native-blob-util] AndroidManifest.xml:32:22-85
19
20    <queries>
20-->[:react-native-image-crop-picker] AndroidManifest.xml:7:5-11:15
21        <intent>
21-->[:react-native-image-crop-picker] AndroidManifest.xml:8:9-10:18
22            <action android:name="android.media.action.IMAGE_CAPTURE" />
22-->[:react-native-image-crop-picker] AndroidManifest.xml:9:13-73
22-->[:react-native-image-crop-picker] AndroidManifest.xml:9:21-70
23        </intent>
24        <intent>
24-->[androidx.camera:camera-extensions:1.4.0-beta02] AndroidManifest.xml:23:9-25:18
25            <action android:name="androidx.camera.extensions.action.VENDOR_ACTION" />
25-->[androidx.camera:camera-extensions:1.4.0-beta02] AndroidManifest.xml:24:13-86
25-->[androidx.camera:camera-extensions:1.4.0-beta02] AndroidManifest.xml:24:21-83
26        </intent>
27    </queries> <!-- Required to access Google Play Licensing -->
28    <uses-permission android:name="com.android.vending.CHECK_LICENSE" />
28-->[:rn-fetch-blob] AndroidManifest.xml:8:5-73
28-->[:rn-fetch-blob] AndroidManifest.xml:8:22-70
29    <!--
30    This manifest file is used only by Gradle to configure debug-only capabilities
31    for React Native Apps.
32    -->
33    <uses-permission android:name="android.permission.SYSTEM_ALERT_WINDOW" />
33-->[com.facebook.react:react-android:0.74.2] AndroidManifest.xml:16:5-78
33-->[com.facebook.react:react-android:0.74.2] AndroidManifest.xml:16:22-75
34    <uses-permission android:name="android.permission.POST_NOTIFICATIONS" /> <!-- Required by older versions of Google Play services to create IID tokens -->
34-->[com.google.firebase:firebase-messaging:24.0.0] AndroidManifest.xml:23:5-77
34-->[com.google.firebase:firebase-messaging:24.0.0] AndroidManifest.xml:23:22-74
35    <uses-permission android:name="com.google.android.c2dm.permission.RECEIVE" />
35-->[com.google.firebase:firebase-messaging:24.0.0] AndroidManifest.xml:26:5-82
35-->[com.google.firebase:firebase-messaging:24.0.0] AndroidManifest.xml:26:22-79
36
37    <permission
37-->[androidx.core:core:1.12.0] AndroidManifest.xml:22:5-24:47
38        android:name="com.easyjob.DYNAMIC_RECEIVER_NOT_EXPORTED_PERMISSION"
38-->[androidx.core:core:1.12.0] AndroidManifest.xml:23:9-81
39        android:protectionLevel="signature" />
39-->[androidx.core:core:1.12.0] AndroidManifest.xml:24:9-44
40
41    <uses-permission android:name="com.easyjob.DYNAMIC_RECEIVER_NOT_EXPORTED_PERMISSION" />
41-->[androidx.core:core:1.12.0] AndroidManifest.xml:26:5-97
41-->[androidx.core:core:1.12.0] AndroidManifest.xml:26:22-94
42
43    <application
43-->src/main/AndroidManifest.xml:5:5-24:19
44        android:name="com.easyjob.MainApplication"
44-->src/main/AndroidManifest.xml:6:7-38
45        android:allowBackup="false"
45-->src/main/AndroidManifest.xml:10:7-34
46        android:appComponentFactory="androidx.core.app.CoreComponentFactory"
46-->[androidx.core:core:1.12.0] AndroidManifest.xml:28:18-86
47        android:debuggable="true"
48        android:extractNativeLibs="false"
49        android:icon="@mipmap/ic_launcher"
49-->src/main/AndroidManifest.xml:8:7-41
50        android:label="@string/app_name"
50-->src/main/AndroidManifest.xml:7:7-39
51        android:roundIcon="@mipmap/ic_launcher_round"
51-->src/main/AndroidManifest.xml:9:7-52
52        android:testOnly="true"
53        android:theme="@style/AppTheme"
53-->src/main/AndroidManifest.xml:11:7-38
54        android:usesCleartextTraffic="true" >
54-->src/debug/AndroidManifest.xml:6:9-44
55        <activity
55-->src/main/AndroidManifest.xml:12:7-23:18
56            android:name="com.easyjob.MainActivity"
56-->src/main/AndroidManifest.xml:13:9-37
57            android:configChanges="keyboard|keyboardHidden|orientation|screenLayout|screenSize|smallestScreenSize|uiMode"
57-->src/main/AndroidManifest.xml:15:9-118
58            android:exported="true"
58-->src/main/AndroidManifest.xml:18:9-32
59            android:label="@string/app_name"
59-->src/main/AndroidManifest.xml:14:9-41
60            android:launchMode="singleTask"
60-->src/main/AndroidManifest.xml:16:9-40
61            android:windowSoftInputMode="adjustResize" >
61-->src/main/AndroidManifest.xml:17:9-51
62            <intent-filter>
62-->src/main/AndroidManifest.xml:19:9-22:25
63                <action android:name="android.intent.action.MAIN" />
63-->src/main/AndroidManifest.xml:20:13-65
63-->src/main/AndroidManifest.xml:20:21-62
64
65                <category android:name="android.intent.category.LAUNCHER" />
65-->src/main/AndroidManifest.xml:21:13-73
65-->src/main/AndroidManifest.xml:21:23-70
66            </intent-filter>
67        </activity>
68
69        <service
69-->[:react-native-firebase_messaging] AndroidManifest.xml:12:9-14:40
70            android:name="io.invertase.firebase.messaging.ReactNativeFirebaseMessagingHeadlessService"
70-->[:react-native-firebase_messaging] AndroidManifest.xml:13:13-103
71            android:exported="false" />
71-->[:react-native-firebase_messaging] AndroidManifest.xml:14:13-37
72        <service
72-->[:react-native-firebase_messaging] AndroidManifest.xml:15:9-21:19
73            android:name="io.invertase.firebase.messaging.ReactNativeFirebaseMessagingService"
73-->[:react-native-firebase_messaging] AndroidManifest.xml:16:13-95
74            android:exported="false" >
74-->[:react-native-firebase_messaging] AndroidManifest.xml:17:13-37
75            <intent-filter>
75-->[:react-native-firebase_messaging] AndroidManifest.xml:18:13-20:29
76                <action android:name="com.google.firebase.MESSAGING_EVENT" />
76-->[:react-native-firebase_messaging] AndroidManifest.xml:19:17-78
76-->[:react-native-firebase_messaging] AndroidManifest.xml:19:25-75
77            </intent-filter>
78        </service>
79
80        <receiver
80-->[:react-native-firebase_messaging] AndroidManifest.xml:23:9-30:20
81            android:name="io.invertase.firebase.messaging.ReactNativeFirebaseMessagingReceiver"
81-->[:react-native-firebase_messaging] AndroidManifest.xml:24:13-96
82            android:exported="true"
82-->[:react-native-firebase_messaging] AndroidManifest.xml:25:13-36
83            android:permission="com.google.android.c2dm.permission.SEND" >
83-->[:react-native-firebase_messaging] AndroidManifest.xml:26:13-73
84            <intent-filter>
84-->[:react-native-firebase_messaging] AndroidManifest.xml:27:13-29:29
85                <action android:name="com.google.android.c2dm.intent.RECEIVE" />
85-->[:react-native-firebase_messaging] AndroidManifest.xml:28:17-81
85-->[:react-native-firebase_messaging] AndroidManifest.xml:28:25-78
86            </intent-filter>
87        </receiver>
88
89        <meta-data
89-->[:react-native-firebase_messaging] AndroidManifest.xml:32:9-34:36
90            android:name="firebase_messaging_auto_init_enabled"
90-->[:react-native-firebase_messaging] AndroidManifest.xml:33:13-64
91            android:value="true" />
91-->[:react-native-firebase_messaging] AndroidManifest.xml:34:13-33
92        <meta-data
92-->[:react-native-firebase_messaging] AndroidManifest.xml:35:9-37:32
93            android:name="com.google.firebase.messaging.default_notification_channel_id"
93-->[:react-native-firebase_messaging] AndroidManifest.xml:36:13-89
94            android:value="" />
94-->[:react-native-firebase_messaging] AndroidManifest.xml:37:13-29
95        <meta-data
95-->[:react-native-firebase_messaging] AndroidManifest.xml:38:9-40:47
96            android:name="com.google.firebase.messaging.default_notification_color"
96-->[:react-native-firebase_messaging] AndroidManifest.xml:39:13-84
97            android:resource="@color/white" />
97-->[:react-native-firebase_messaging] AndroidManifest.xml:40:13-44
98        <meta-data
98-->[:react-native-firebase_app] AndroidManifest.xml:9:9-11:36
99            android:name="app_data_collection_default_enabled"
99-->[:react-native-firebase_app] AndroidManifest.xml:10:13-63
100            android:value="true" />
100-->[:react-native-firebase_app] AndroidManifest.xml:11:13-33
101
102        <service
102-->[:react-native-firebase_app] AndroidManifest.xml:13:9-21:19
103            android:name="com.google.firebase.components.ComponentDiscoveryService"
103-->[:react-native-firebase_app] AndroidManifest.xml:14:13-84
104            android:directBootAware="true"
104-->[:react-native-firebase_app] AndroidManifest.xml:15:13-43
105            android:exported="false" >
105-->[:react-native-firebase_app] AndroidManifest.xml:16:13-37
106            <meta-data
106-->[:react-native-firebase_app] AndroidManifest.xml:18:13-20:85
107                android:name="com.google.firebase.components:io.invertase.firebase.app.ReactNativeFirebaseAppRegistrar"
107-->[:react-native-firebase_app] AndroidManifest.xml:19:17-120
108                android:value="com.google.firebase.components.ComponentRegistrar" />
108-->[:react-native-firebase_app] AndroidManifest.xml:20:17-82
109            <meta-data
109-->[com.google.firebase:firebase-messaging:24.0.0] AndroidManifest.xml:57:13-59:85
110                android:name="com.google.firebase.components:com.google.firebase.messaging.FirebaseMessagingKtxRegistrar"
110-->[com.google.firebase:firebase-messaging:24.0.0] AndroidManifest.xml:58:17-122
111                android:value="com.google.firebase.components.ComponentRegistrar" />
111-->[com.google.firebase:firebase-messaging:24.0.0] AndroidManifest.xml:59:17-82
112            <meta-data
112-->[com.google.firebase:firebase-messaging:24.0.0] AndroidManifest.xml:60:13-62:85
113                android:name="com.google.firebase.components:com.google.firebase.messaging.FirebaseMessagingRegistrar"
113-->[com.google.firebase:firebase-messaging:24.0.0] AndroidManifest.xml:61:17-119
114                android:value="com.google.firebase.components.ComponentRegistrar" />
114-->[com.google.firebase:firebase-messaging:24.0.0] AndroidManifest.xml:62:17-82
115            <meta-data
115-->[com.google.firebase:firebase-installations:18.0.0] AndroidManifest.xml:15:13-17:85
116                android:name="com.google.firebase.components:com.google.firebase.installations.FirebaseInstallationsKtxRegistrar"
116-->[com.google.firebase:firebase-installations:18.0.0] AndroidManifest.xml:16:17-130
117                android:value="com.google.firebase.components.ComponentRegistrar" />
117-->[com.google.firebase:firebase-installations:18.0.0] AndroidManifest.xml:17:17-82
118            <meta-data
118-->[com.google.firebase:firebase-installations:18.0.0] AndroidManifest.xml:18:13-20:85
119                android:name="com.google.firebase.components:com.google.firebase.installations.FirebaseInstallationsRegistrar"
119-->[com.google.firebase:firebase-installations:18.0.0] AndroidManifest.xml:19:17-127
120                android:value="com.google.firebase.components.ComponentRegistrar" />
120-->[com.google.firebase:firebase-installations:18.0.0] AndroidManifest.xml:20:17-82
121            <meta-data
121-->[com.google.firebase:firebase-common-ktx:21.0.0] AndroidManifest.xml:12:13-14:85
122                android:name="com.google.firebase.components:com.google.firebase.ktx.FirebaseCommonLegacyRegistrar"
122-->[com.google.firebase:firebase-common-ktx:21.0.0] AndroidManifest.xml:13:17-116
123                android:value="com.google.firebase.components.ComponentRegistrar" />
123-->[com.google.firebase:firebase-common-ktx:21.0.0] AndroidManifest.xml:14:17-82
124            <meta-data
124-->[com.google.firebase:firebase-common:21.0.0] AndroidManifest.xml:35:13-37:85
125                android:name="com.google.firebase.components:com.google.firebase.FirebaseCommonKtxRegistrar"
125-->[com.google.firebase:firebase-common:21.0.0] AndroidManifest.xml:36:17-109
126                android:value="com.google.firebase.components.ComponentRegistrar" />
126-->[com.google.firebase:firebase-common:21.0.0] AndroidManifest.xml:37:17-82
127            <meta-data
127-->[com.google.firebase:firebase-datatransport:18.2.0] AndroidManifest.xml:25:13-27:85
128                android:name="com.google.firebase.components:com.google.firebase.datatransport.TransportRegistrar"
128-->[com.google.firebase:firebase-datatransport:18.2.0] AndroidManifest.xml:26:17-115
129                android:value="com.google.firebase.components.ComponentRegistrar" />
129-->[com.google.firebase:firebase-datatransport:18.2.0] AndroidManifest.xml:27:17-82
130        </service>
131
132        <provider
132-->[:react-native-firebase_app] AndroidManifest.xml:23:9-27:38
133            android:name="io.invertase.firebase.app.ReactNativeFirebaseAppInitProvider"
133-->[:react-native-firebase_app] AndroidManifest.xml:24:13-88
134            android:authorities="com.easyjob.reactnativefirebaseappinitprovider"
134-->[:react-native-firebase_app] AndroidManifest.xml:25:13-86
135            android:exported="false"
135-->[:react-native-firebase_app] AndroidManifest.xml:26:13-37
136            android:initOrder="99" />
136-->[:react-native-firebase_app] AndroidManifest.xml:27:13-35
137        <provider
137-->[:react-native-blob-util] AndroidManifest.xml:35:9-43:20
138            android:name="com.ReactNativeBlobUtil.Utils.FileProvider"
138-->[:react-native-blob-util] AndroidManifest.xml:36:13-70
139            android:authorities="com.easyjob.provider"
139-->[:react-native-blob-util] AndroidManifest.xml:37:13-60
140            android:exported="false"
140-->[:react-native-blob-util] AndroidManifest.xml:38:13-37
141            android:grantUriPermissions="true" >
141-->[:react-native-blob-util] AndroidManifest.xml:39:13-47
142            <meta-data
142-->[:react-native-blob-util] AndroidManifest.xml:40:13-42:58
143                android:name="android.support.FILE_PROVIDER_PATHS"
143-->[:react-native-blob-util] AndroidManifest.xml:41:17-67
144                android:resource="@xml/provider_paths" />
144-->[:react-native-blob-util] AndroidManifest.xml:42:17-55
145        </provider>
146        <provider
146-->[:react-native-file-viewer] AndroidManifest.xml:8:9-16:20
147            android:name="com.vinzscam.reactnativefileviewer.FileProvider"
147-->[:react-native-file-viewer] AndroidManifest.xml:9:13-75
148            android:authorities="com.easyjob.provider"
148-->[:react-native-file-viewer] AndroidManifest.xml:10:13-60
149            android:exported="false"
149-->[:react-native-file-viewer] AndroidManifest.xml:11:13-37
150            android:grantUriPermissions="true" >
150-->[:react-native-file-viewer] AndroidManifest.xml:12:13-47
151            <meta-data
151-->[:react-native-blob-util] AndroidManifest.xml:40:13-42:58
152                android:name="android.support.FILE_PROVIDER_PATHS"
152-->[:react-native-blob-util] AndroidManifest.xml:41:17-67
153                android:resource="@xml/file_viewer_provider_paths" />
153-->[:react-native-blob-util] AndroidManifest.xml:42:17-55
154        </provider>
155        <provider
155-->[:react-native-image-crop-picker] AndroidManifest.xml:16:9-24:20
156            android:name="com.reactnative.ivpusic.imagepicker.IvpusicImagePickerFileProvider"
156-->[:react-native-image-crop-picker] AndroidManifest.xml:17:13-94
157            android:authorities="com.easyjob.provider"
157-->[:react-native-image-crop-picker] AndroidManifest.xml:18:13-60
158            android:exported="false"
158-->[:react-native-image-crop-picker] AndroidManifest.xml:19:13-37
159            android:grantUriPermissions="true" >
159-->[:react-native-image-crop-picker] AndroidManifest.xml:20:13-47
160            <meta-data
160-->[:react-native-blob-util] AndroidManifest.xml:40:13-42:58
161                android:name="android.support.FILE_PROVIDER_PATHS"
161-->[:react-native-blob-util] AndroidManifest.xml:41:17-67
162                android:resource="@xml/ivpusic_imagepicker_provider_paths" />
162-->[:react-native-blob-util] AndroidManifest.xml:42:17-55
163        </provider>
164
165        <activity
165-->[:react-native-image-crop-picker] AndroidManifest.xml:26:9-28:72
166            android:name="com.yalantis.ucrop.UCropActivity"
166-->[:react-native-image-crop-picker] AndroidManifest.xml:27:13-60
167            android:theme="@style/Theme.AppCompat.Light.NoActionBar" />
167-->[:react-native-image-crop-picker] AndroidManifest.xml:28:13-69
168
169        <provider
169-->[:react-native-image-picker] AndroidManifest.xml:8:9-16:20
170            android:name="com.imagepicker.ImagePickerProvider"
170-->[:react-native-image-picker] AndroidManifest.xml:9:13-63
171            android:authorities="com.easyjob.imagepickerprovider"
171-->[:react-native-image-picker] AndroidManifest.xml:10:13-71
172            android:exported="false"
172-->[:react-native-image-picker] AndroidManifest.xml:11:13-37
173            android:grantUriPermissions="true" >
173-->[:react-native-image-picker] AndroidManifest.xml:12:13-47
174            <meta-data
174-->[:react-native-blob-util] AndroidManifest.xml:40:13-42:58
175                android:name="android.support.FILE_PROVIDER_PATHS"
175-->[:react-native-blob-util] AndroidManifest.xml:41:17-67
176                android:resource="@xml/imagepicker_provider_paths" />
176-->[:react-native-blob-util] AndroidManifest.xml:42:17-55
177        </provider>
178        <provider
178-->[:rn-fetch-blob] AndroidManifest.xml:32:9-40:20
179            android:name="com.RNFetchBlob.Utils.FileProvider"
179-->[:rn-fetch-blob] AndroidManifest.xml:33:13-62
180            android:authorities="com.easyjob.provider"
180-->[:rn-fetch-blob] AndroidManifest.xml:34:13-60
181            android:exported="false"
181-->[:rn-fetch-blob] AndroidManifest.xml:35:13-37
182            android:grantUriPermissions="true" >
182-->[:rn-fetch-blob] AndroidManifest.xml:36:13-47
183            <meta-data
183-->[:react-native-blob-util] AndroidManifest.xml:40:13-42:58
184                android:name="android.support.FILE_PROVIDER_PATHS"
184-->[:react-native-blob-util] AndroidManifest.xml:41:17-67
185                android:resource="@xml/provider_paths" />
185-->[:react-native-blob-util] AndroidManifest.xml:42:17-55
186        </provider>
187
188        <activity
188-->[com.facebook.react:react-android:0.74.2] AndroidManifest.xml:19:9-21:40
189            android:name="com.facebook.react.devsupport.DevSettingsActivity"
189-->[com.facebook.react:react-android:0.74.2] AndroidManifest.xml:20:13-77
190            android:exported="false" />
190-->[com.facebook.react:react-android:0.74.2] AndroidManifest.xml:21:13-37
191
192        <uses-library
192-->[androidx.camera:camera-extensions:1.4.0-beta02] AndroidManifest.xml:29:9-31:40
193            android:name="androidx.camera.extensions.impl"
193-->[androidx.camera:camera-extensions:1.4.0-beta02] AndroidManifest.xml:30:13-59
194            android:required="false" />
194-->[androidx.camera:camera-extensions:1.4.0-beta02] AndroidManifest.xml:31:13-37
195
196        <service
196-->[androidx.camera:camera-camera2:1.4.0-beta02] AndroidManifest.xml:24:9-33:19
197            android:name="androidx.camera.core.impl.MetadataHolderService"
197-->[androidx.camera:camera-camera2:1.4.0-beta02] AndroidManifest.xml:25:13-75
198            android:enabled="false"
198-->[androidx.camera:camera-camera2:1.4.0-beta02] AndroidManifest.xml:26:13-36
199            android:exported="false" >
199-->[androidx.camera:camera-camera2:1.4.0-beta02] AndroidManifest.xml:27:13-37
200            <meta-data
200-->[androidx.camera:camera-camera2:1.4.0-beta02] AndroidManifest.xml:30:13-32:89
201                android:name="androidx.camera.core.impl.MetadataHolderService.DEFAULT_CONFIG_PROVIDER"
201-->[androidx.camera:camera-camera2:1.4.0-beta02] AndroidManifest.xml:31:17-103
202                android:value="androidx.camera.camera2.Camera2Config$DefaultProvider" />
202-->[androidx.camera:camera-camera2:1.4.0-beta02] AndroidManifest.xml:32:17-86
203        </service>
204
205        <receiver
205-->[com.google.firebase:firebase-messaging:24.0.0] AndroidManifest.xml:29:9-40:20
206            android:name="com.google.firebase.iid.FirebaseInstanceIdReceiver"
206-->[com.google.firebase:firebase-messaging:24.0.0] AndroidManifest.xml:30:13-78
207            android:exported="true"
207-->[com.google.firebase:firebase-messaging:24.0.0] AndroidManifest.xml:31:13-36
208            android:permission="com.google.android.c2dm.permission.SEND" >
208-->[com.google.firebase:firebase-messaging:24.0.0] AndroidManifest.xml:32:13-73
209            <intent-filter>
209-->[:react-native-firebase_messaging] AndroidManifest.xml:27:13-29:29
210                <action android:name="com.google.android.c2dm.intent.RECEIVE" />
210-->[:react-native-firebase_messaging] AndroidManifest.xml:28:17-81
210-->[:react-native-firebase_messaging] AndroidManifest.xml:28:25-78
211            </intent-filter>
212
213            <meta-data
213-->[com.google.firebase:firebase-messaging:24.0.0] AndroidManifest.xml:37:13-39:40
214                android:name="com.google.android.gms.cloudmessaging.FINISHED_AFTER_HANDLED"
214-->[com.google.firebase:firebase-messaging:24.0.0] AndroidManifest.xml:38:17-92
215                android:value="true" />
215-->[com.google.firebase:firebase-messaging:24.0.0] AndroidManifest.xml:39:17-37
216        </receiver>
217        <!--
218             FirebaseMessagingService performs security checks at runtime,
219             but set to not exported to explicitly avoid allowing another app to call it.
220        -->
221        <service
221-->[com.google.firebase:firebase-messaging:24.0.0] AndroidManifest.xml:46:9-53:19
222            android:name="com.google.firebase.messaging.FirebaseMessagingService"
222-->[com.google.firebase:firebase-messaging:24.0.0] AndroidManifest.xml:47:13-82
223            android:directBootAware="true"
223-->[com.google.firebase:firebase-messaging:24.0.0] AndroidManifest.xml:48:13-43
224            android:exported="false" >
224-->[com.google.firebase:firebase-messaging:24.0.0] AndroidManifest.xml:49:13-37
225            <intent-filter android:priority="-500" >
225-->[:react-native-firebase_messaging] AndroidManifest.xml:18:13-20:29
226                <action android:name="com.google.firebase.MESSAGING_EVENT" />
226-->[:react-native-firebase_messaging] AndroidManifest.xml:19:17-78
226-->[:react-native-firebase_messaging] AndroidManifest.xml:19:25-75
227            </intent-filter>
228        </service>
229
230        <provider
230-->[com.google.firebase:firebase-common:21.0.0] AndroidManifest.xml:23:9-28:39
231            android:name="com.google.firebase.provider.FirebaseInitProvider"
231-->[com.google.firebase:firebase-common:21.0.0] AndroidManifest.xml:24:13-77
232            android:authorities="com.easyjob.firebaseinitprovider"
232-->[com.google.firebase:firebase-common:21.0.0] AndroidManifest.xml:25:13-72
233            android:directBootAware="true"
233-->[com.google.firebase:firebase-common:21.0.0] AndroidManifest.xml:26:13-43
234            android:exported="false"
234-->[com.google.firebase:firebase-common:21.0.0] AndroidManifest.xml:27:13-37
235            android:initOrder="100" />
235-->[com.google.firebase:firebase-common:21.0.0] AndroidManifest.xml:28:13-36
236
237        <activity
237-->[com.google.android.gms:play-services-auth:21.1.1] AndroidManifest.xml:23:9-27:75
238            android:name="com.google.android.gms.auth.api.signin.internal.SignInHubActivity"
238-->[com.google.android.gms:play-services-auth:21.1.1] AndroidManifest.xml:24:13-93
239            android:excludeFromRecents="true"
239-->[com.google.android.gms:play-services-auth:21.1.1] AndroidManifest.xml:25:13-46
240            android:exported="false"
240-->[com.google.android.gms:play-services-auth:21.1.1] AndroidManifest.xml:26:13-37
241            android:theme="@android:style/Theme.Translucent.NoTitleBar" />
241-->[com.google.android.gms:play-services-auth:21.1.1] AndroidManifest.xml:27:13-72
242        <!--
243            Service handling Google Sign-In user revocation. For apps that do not integrate with
244            Google Sign-In, this service will never be started.
245        -->
246        <service
246-->[com.google.android.gms:play-services-auth:21.1.1] AndroidManifest.xml:33:9-37:51
247            android:name="com.google.android.gms.auth.api.signin.RevocationBoundService"
247-->[com.google.android.gms:play-services-auth:21.1.1] AndroidManifest.xml:34:13-89
248            android:exported="true"
248-->[com.google.android.gms:play-services-auth:21.1.1] AndroidManifest.xml:35:13-36
249            android:permission="com.google.android.gms.auth.api.signin.permission.REVOCATION_NOTIFICATION"
249-->[com.google.android.gms:play-services-auth:21.1.1] AndroidManifest.xml:36:13-107
250            android:visibleToInstantApps="true" />
250-->[com.google.android.gms:play-services-auth:21.1.1] AndroidManifest.xml:37:13-48
251        <service
251-->[com.google.android.gms:play-services-mlkit-barcode-scanning:18.3.0] AndroidManifest.xml:9:9-15:19
252            android:name="com.google.mlkit.common.internal.MlKitComponentDiscoveryService"
252-->[com.google.android.gms:play-services-mlkit-barcode-scanning:18.3.0] AndroidManifest.xml:10:13-91
253            android:directBootAware="true"
253-->[com.google.mlkit:common:18.9.0] AndroidManifest.xml:17:13-43
254            android:exported="false" >
254-->[com.google.android.gms:play-services-mlkit-barcode-scanning:18.3.0] AndroidManifest.xml:11:13-37
255            <meta-data
255-->[com.google.android.gms:play-services-mlkit-barcode-scanning:18.3.0] AndroidManifest.xml:12:13-14:85
256                android:name="com.google.firebase.components:com.google.mlkit.vision.barcode.internal.BarcodeRegistrar"
256-->[com.google.android.gms:play-services-mlkit-barcode-scanning:18.3.0] AndroidManifest.xml:13:17-120
257                android:value="com.google.firebase.components.ComponentRegistrar" />
257-->[com.google.android.gms:play-services-mlkit-barcode-scanning:18.3.0] AndroidManifest.xml:14:17-82
258            <meta-data
258-->[com.google.mlkit:vision-common:17.3.0] AndroidManifest.xml:12:13-14:85
259                android:name="com.google.firebase.components:com.google.mlkit.vision.common.internal.VisionCommonRegistrar"
259-->[com.google.mlkit:vision-common:17.3.0] AndroidManifest.xml:13:17-124
260                android:value="com.google.firebase.components.ComponentRegistrar" />
260-->[com.google.mlkit:vision-common:17.3.0] AndroidManifest.xml:14:17-82
261            <meta-data
261-->[com.google.mlkit:common:18.9.0] AndroidManifest.xml:20:13-22:85
262                android:name="com.google.firebase.components:com.google.mlkit.common.internal.CommonComponentRegistrar"
262-->[com.google.mlkit:common:18.9.0] AndroidManifest.xml:21:17-120
263                android:value="com.google.firebase.components.ComponentRegistrar" />
263-->[com.google.mlkit:common:18.9.0] AndroidManifest.xml:22:17-82
264        </service>
265
266        <provider
266-->[com.google.mlkit:common:18.9.0] AndroidManifest.xml:9:9-13:38
267            android:name="com.google.mlkit.common.internal.MlKitInitProvider"
267-->[com.google.mlkit:common:18.9.0] AndroidManifest.xml:10:13-78
268            android:authorities="com.easyjob.mlkitinitprovider"
268-->[com.google.mlkit:common:18.9.0] AndroidManifest.xml:11:13-69
269            android:exported="false"
269-->[com.google.mlkit:common:18.9.0] AndroidManifest.xml:12:13-37
270            android:initOrder="99" />
270-->[com.google.mlkit:common:18.9.0] AndroidManifest.xml:13:13-35
271
272        <activity
272-->[com.google.android.gms:play-services-base:18.3.0] AndroidManifest.xml:20:9-22:45
273            android:name="com.google.android.gms.common.api.GoogleApiActivity"
273-->[com.google.android.gms:play-services-base:18.3.0] AndroidManifest.xml:20:19-85
274            android:exported="false"
274-->[com.google.android.gms:play-services-base:18.3.0] AndroidManifest.xml:22:19-43
275            android:theme="@android:style/Theme.Translucent.NoTitleBar" />
275-->[com.google.android.gms:play-services-base:18.3.0] AndroidManifest.xml:21:19-78
276
277        <meta-data
277-->[com.google.android.gms:play-services-basement:18.3.0] AndroidManifest.xml:21:9-23:69